<?xml version="1.0" encoding="UTF-8"?>
<!-- Generated by org.testng.reporters.JUnitReportReporter -->
<testsuite hostname="DESKTOP-2IFFRFV" failures="0" tests="1" name="org.abott.config.BaseConfigDevice" time="18.298" errors="0" timestamp="12 Mar 2023 11:56:32 GMT" skipped="0">
  <testcase classname="org.abott.config.BaseConfigDevice" name="setUp" time="18.298"/>
</testsuite> <!-- org.abott.config.BaseConfigDevice -->
