<?xml version="1.0" encoding="UTF-8"?>
<!-- Generated by org.testng.reporters.JUnitReportReporter -->
<testsuite skipped="0" hostname="DESKTOP-2IFFRFV" name="com.abott.Tests.GeneralStoreTest" tests="1" failures="0" timestamp="14 Mar 2023 12:58:22 GMT" time="86.590" errors="0">
  <testcase name="TC1" time="86.590" classname="com.abott.Tests.GeneralStoreTest"/>
</testsuite> <!-- com.abott.Tests.GeneralStoreTest -->
